<?xml version="1.0" encoding="UTF-8"?>
<robot generator="Robot 6.0.1 (Python 3.11.0 on win32)" generated="20221204 16:28:47.920" rpa="false" schemaversion="3">
<suite id="s1" name="Paper" source="C:\Users\F3979398\Paper">
<suite id="s1-s1" name="Suite Todos Testes" source="C:\Users\F3979398\Paper\Suite_Todos_Testes.robot">
<test id="s1-s1-t1" name="Testando Web" line="11">
<kw name="Abrindo Navegador e Acessando o Youtube.com" library="WEB_Keywords">
<kw name="Open Browser" library="SeleniumLibrary">
<arg>https://www.youtube.com/</arg>
<arg>chrome</arg>
<doc>Opens a new browser instance to the optional ``url``.</doc>
<msg timestamp="20221204 16:28:48.168" level="INFO">Opening browser 'chrome' to base url 'https://www.youtube.com/'.</msg>
<status status="PASS" starttime="20221204 16:28:48.168" endtime="20221204 16:28:52.901"/>
</kw>
<status status="PASS" starttime="20221204 16:28:48.167" endtime="20221204 16:28:52.902"/>
</kw>
<status status="PASS" starttime="20221204 16:28:48.166" endtime="20221204 16:28:52.902"/>
</test>
<status status="PASS" starttime="20221204 16:28:47.945" endtime="20221204 16:28:52.904"/>
</suite>
<status status="PASS" starttime="20221204 16:28:47.923" endtime="20221204 16:28:52.906"/>
</suite>
<statistics>
<total>
<stat pass="1" fail="0" skip="0">All Tests</stat>
</total>
<tag>
</tag>
<suite>
<stat pass="1" fail="0" skip="0" id="s1" name="Paper">Paper</stat>
<stat pass="1" fail="0" skip="0" id="s1-s1" name="Suite Todos Testes">Paper.Suite Todos Testes</stat>
</suite>
</statistics>
<errors>
<msg timestamp="20221204 16:28:48.029" level="WARN">Imported resource file 'C:\Users\F3979398\Paper\Keywords\MOBILE_Keywords.robot' is empty.</msg>
</errors>
</robot>
